1557152013632	mozrunner::runner	INFO	Running command: "C:\\Program Files\\Firefox Developer Edition\\firefox.exe" "-marionette" "-foreground" "-no-remote" "-profile" "C:\\Users\\sound\\AppData\\Local\\Temp\\rust_mozprofile.EblqmpPFE2CB"
1557152048814	mozrunner::runner	INFO	Running command: "C:\\Program Files\\Firefox Developer Edition\\firefox.exe" "-marionette" "-foreground" "-no-remote" "-profile" "C:\\Users\\sound\\AppData\\Local\\Temp\\rust_mozprofile.hI3es9bYBZxi"
1557152049331	addons.webextension.screenshots@mozilla.org	WARN	Loading extension 'screenshots@mozilla.org': Reading manifest: Invalid extension permission: mozillaAddons
1557152049332	addons.webextension.screenshots@mozilla.org	WARN	Loading extension 'screenshots@mozilla.org': Reading manifest: Invalid extension permission: resource://pdf.js/
1557152049332	addons.webextension.screenshots@mozilla.org	WARN	Loading extension 'screenshots@mozilla.org': Reading manifest: Invalid extension permission: about:reader*
WARN: compileToBinary(235): 
C:\fakepath(293,14-129): warning X3571: pow(f, e) will not work for negative f, use abs(f) or conditionally handle negative values if you expect them
C:\fakepath(299,58-112): warning X3571: pow(f, e) will not work for negative f, use abs(f) or conditionally handle negative values if you expect them
C:\fakepath(322,67-72): warning X3556: integer divides may be much slower, try using uints if possible.
C:\fakepath(325,46-51): warning X3556: integer modulus may be much slower, try using uints if possible.
C:\fakepath(341,29-78): warning X3571: pow(f, e) will not work for negative f, use abs(f) or conditionally handle negative values if you expect them
C:\fakepath(165,1-6): warning X4000: use of potentially uninitialized variable (dyn_index_vec4_float4)
C:\fakepath(248,25-29): error X4576: Input array signature parameter  cannot be indexed dynamically.

WARN: compileToBinary(235): 
C:\fakepath(293,14-129): warning X3571: pow(f, e) will not work for negative f, use abs(f) or conditionally handle negative values if you expect them
C:\fakepath(299,58-112): warning X3571: pow(f, e) will not work for negative f, use abs(f) or conditionally handle negative values if you expect them
C:\fakepath(322,67-72): warning X3556: integer divides may be much slower, try using uints if possible.
C:\fakepath(325,46-51): warning X3556: integer modulus may be much slower, try using uints if possible.
C:\fakepath(341,29-78): warning X3571: pow(f, e) will not work for negative f, use abs(f) or conditionally handle negative values if you expect them
C:\fakepath(165,1-6): warning X4000: use of potentially uninitialized variable (dyn_index_vec4_float4)
C:\fakepath(248,25-29): error X4576: Input array signature parameter  cannot be indexed dynamically.

WARN: compileToBinary(235): 
C:\fakepath(322,67-72): warning X3556: integer divides may be much slower, try using uints if possible.
C:\fakepath(325,46-51): warning X3556: integer modulus may be much slower, try using uints if possible.
C:\fakepath(165,1-6): warning X4000: use of potentially uninitialized variable (dyn_index_vec4_float4)
C:\fakepath(221,1): warning X4000: use of potentially uninitialized variable (f_do_clip)

[Child 3316, Chrome_ChildThread] WARNING: pipe error: 109: file z:/task_1556110388/build/src/ipc/chromium/src/chrome/common/ipc_channel_win.cc, line 341
[Child 3316, Chrome_ChildThread1557152052210	Marionette	INFO	Listening on port 1804
1557152052641	Marionette	WARN	TLS certificate errors will be ignored for this session
1557152053658	Marionette	INFO	Stopped listening on port 1804
[Parent 16104, Gecko_IOThread] WARNING: file z:/task_1556110388/build/src/ipc/chromium/src/base/process_util_win.cc, line 160

###!!! [Child][RunMessage] Error: Channel closing: too late to send/recv, messages will be lost

[GPU 12496, Chrome_C
###!!! [Child][MessageChannel::SendAndWait] Error: Channel error: cannot send/recv

